Using pre-set license
Built from '2020.2/release' branch; Version is '2020.2.0f1 (3721df5a8b28) revision 3613151'; Using compiler version '192528614'; Build Type 'Release'
OS: 'Windows 10  (10.0.0) 64bit' Language: 'en' Physical Memory: 16300 MB
BatchMode: 1, IsHumanControllingUs: 0, StartBugReporterOnCrash: 0, Is64bit: 1, IsPro: 0

 COMMAND LINE ARGUMENTS:
D:\Unity_2020\2020.2.0f1\Editor\Unity.exe
-adb2
-batchMode
-noUpm
-name
AssetImportWorker0
-projectPath
D:/GameDev_Unity/Project Checkpoint/Checkpoint
-logFile
Logs/AssetImportWorker0.log
-srvPort
58047
Successfully changed project path to: D:/GameDev_Unity/Project Checkpoint/Checkpoint
D:/GameDev_Unity/Project Checkpoint/Checkpoint
Using Asset Import Pipeline V2.
Refreshing native plugins compatible for Editor in 38.24 ms, found 0 plugins.
Preloading 0 native plugins for Editor in 0.00 ms.
Initialize engine version: 2020.2.0f1 (3721df5a8b28)
[Subsystems] Discovering subsystems at path D:/Unity_2020/2020.2.0f1/Editor/Data/Resources/UnitySubsystems
[Subsystems] Discovering subsystems at path D:/GameDev_Unity/Project Checkpoint/Checkpoint/Assets
GfxDevice: creating device client; threaded=0
Direct3D:
    Version:  Direct3D 11.0 [level 11.1]
    Renderer: NVIDIA GeForce GTX 1660 (ID=0x2184)
    Vendor:   
    VRAM:     5991 MB
    Driver:   27.21.14.6589
Initialize mono
Mono path[0] = 'D:/Unity_2020/2020.2.0f1/Editor/Data/Managed'
Mono path[1] = 'D:/Unity_2020/2020.2.0f1/Editor/Data/MonoBleedingEdge/lib/mono/unityjit'
Mono config path = 'D:/Unity_2020/2020.2.0f1/Editor/Data/MonoBleedingEdge/etc'
Using monoOptions --debugger-agent=transport=dt_socket,embedding=1,server=y,suspend=n,address=127.0.0.1:56288
Begin MonoManager ReloadAssembly
Registering precompiled unity dll's ...
Register platform support module: D:/Unity_2020/2020.2.0f1/Editor/Data/PlaybackEngines/WebGLSupport/UnityEditor.WebGL.Extensions.dll
Register platform support module: D:/Unity_2020/2020.2.0f1/Editor/Data/PlaybackEngines/WindowsStandaloneSupport/UnityEditor.WindowsStandalone.Extensions.dll
Registered in 0.001367 seconds.
Native extension for WindowsStandalone target not found
Native extension for WebGL target not found
Refreshing native plugins compatible for Editor in 37.87 ms, found 0 plugins.
Preloading 0 native plugins for Editor in 0.00 ms.
Invoked RoslynAnalysisRunner static constructor.
RoslynAnalysisRunner will not be running.
RoslynAnalysisRunner has terminated.
Mono: successfully reloaded assembly
- Completed reload, in  1.378 seconds
Platform modules already initialized, skipping
Registering precompiled user dll's ...
Registered in 0.000897 seconds.
Begin MonoManager ReloadAssembly
Native extension for WindowsStandalone target not found
Native extension for WebGL target not found
Refreshing native plugins compatible for Editor in 40.00 ms, found 0 plugins.
Preloading 0 native plugins for Editor in 0.00 ms.
Invoked RoslynAnalysisRunner static constructor.
RoslynAnalysisRunner will not be running.
RoslynAnalysisRunner has terminated.
Mono: successfully reloaded assembly
- Completed reload, in  0.875 seconds
Platform modules already initialized, skipping
========================================================================
Worker process is ready to serve import requests
Shader 'Universal Render Pipeline/Particles/Lit': fallback shader 'Universal Render Pipeline/Particles/SimpleLit' not found
Shader 'Universal Render Pipeline/Particles/Lit': fallback shader 'Universal Render Pipeline/Particles/SimpleLit' not found
Launched and connected shader compiler UnityShaderCompiler.exe after 0.03 seconds
Refreshing native plugins compatible for Editor in 0.36 ms, found 0 plugins.
Preloading 0 native plugins for Editor in 0.00 ms.
Unloading 2392 Unused Serialized files (Serialized files now loaded: 0)
System memory in use before: 111.7 MB.
System memory in use after: 109.6 MB.

Unloading 45 unused Assets to reduce memory usage. Loaded Objects now: 2800.
Total: 2.930200 ms (FindLiveObjects: 0.217500 ms CreateObjectMapping: 0.118800 ms MarkObjects: 1.509300 ms  DeleteObjects: 1.083600 ms)

========================================================================
Received Import Request.
  path: Assets/Projectile_01.fbx
  artifactKey: Guid(86c79ea8a6ef69541b3ff4c0a9cb5e21) Importer(815301076,1909f56bfc062723c751e8b465ee728b)
Start importing Assets/Projectile_01.fbx using Guid(86c79ea8a6ef69541b3ff4c0a9cb5e21) Importer(815301076,1909f56bfc062723c751e8b465ee728b)  -> (artifact id: 'a5f02c0a73f672050da2014e1900b314') in 0.574912 seconds
  Import took 0.579942 seconds .

========================================================================
Received Import Request.
  Time since last request: 0.000267 seconds.
  path: Assets/Cannon_01.fbx
  artifactKey: Guid(dffe89fdae3171b4f8f75c3c4c8254a1) Importer(815301076,1909f56bfc062723c751e8b465ee728b)
Start importing Assets/Cannon_01.fbx using Guid(dffe89fdae3171b4f8f75c3c4c8254a1) Importer(815301076,1909f56bfc062723c751e8b465ee728b)  -> (artifact id: 'fb158dbe68274f09857690a3a3ec9730') in 0.017741 seconds
  Import took 0.021042 seconds .

========================================================================
Received Import Request.
  Time since last request: 165.120573 seconds.
  path: Assets/Cannon_01.prefab
  artifactKey: Guid(f991e0e063be67c45bda8bb5b3c6d442) Importer(815301076,1909f56bfc062723c751e8b465ee728b)
Start importing Assets/Cannon_01.prefab using Guid(f991e0e063be67c45bda8bb5b3c6d442) Importer(815301076,1909f56bfc062723c751e8b465ee728b)  -> (artifact id: 'f1520df836933aad570d658e14fbc838') in 0.014700 seconds
  Import took 0.019281 seconds .

========================================================================
Received Import Request.
  Time since last request: 0.005650 seconds.
  path: Assets/Cannon_01.prefab
  artifactKey: Guid(f991e0e063be67c45bda8bb5b3c6d442) Importer(815301076,1909f56bfc062723c751e8b465ee728b)
Start importing Assets/Cannon_01.prefab using Guid(f991e0e063be67c45bda8bb5b3c6d442) Importer(815301076,1909f56bfc062723c751e8b465ee728b)  -> (artifact id: 'f1520df836933aad570d658e14fbc838') in 0.005734 seconds
  Import took 0.009607 seconds .

========================================================================
Received Import Request.
  Time since last request: 3.708954 seconds.
  path: Assets/Projectile_01.prefab
  artifactKey: Guid(e1cd637d55a06c247ab46d3714448512) Importer(815301076,1909f56bfc062723c751e8b465ee728b)
Start importing Assets/Projectile_01.prefab using Guid(e1cd637d55a06c247ab46d3714448512) Importer(815301076,1909f56bfc062723c751e8b465ee728b)  -> (artifact id: '30901b9d322231e1c0d59d04e3afb058') in 0.010220 seconds
  Import took 0.014360 seconds .

========================================================================
Received Import Request.
  Time since last request: 0.003309 seconds.
  path: Assets/Projectile_01.prefab
  artifactKey: Guid(e1cd637d55a06c247ab46d3714448512) Importer(815301076,1909f56bfc062723c751e8b465ee728b)
Start importing Assets/Projectile_01.prefab using Guid(e1cd637d55a06c247ab46d3714448512) Importer(815301076,1909f56bfc062723c751e8b465ee728b)  -> (artifact id: '30901b9d322231e1c0d59d04e3afb058') in 0.006025 seconds
  Import took 0.009942 seconds .

========================================================================
Received Prepare
Registering precompiled user dll's ...
Registered in 0.001050 seconds.
Begin MonoManager ReloadAssembly
Native extension for WindowsStandalone target not found
Native extension for WebGL target not found
Refreshing native plugins compatible for Editor in 0.36 ms, found 0 plugins.
Preloading 0 native plugins for Editor in 0.00 ms.
Invoked RoslynAnalysisRunner static constructor.
RoslynAnalysisRunner will not be running.
RoslynAnalysisRunner has terminated.
Mono: successfully reloaded assembly
- Completed reload, in  0.830 seconds
Platform modules already initialized, skipping
Shader 'Universal Render Pipeline/Particles/Lit': fallback shader 'Universal Render Pipeline/Particles/SimpleLit' not found
Shader 'Universal Render Pipeline/Particles/Lit': fallback shader 'Universal Render Pipeline/Particles/SimpleLit' not found
Refreshing native plugins compatible for Editor in 0.38 ms, found 0 plugins.
Preloading 0 native plugins for Editor in 0.00 ms.
Unloading 2319 Unused Serialized files (Serialized files now loaded: 0)
System memory in use before: 114.4 MB.
System memory in use after: 112.4 MB.

Unloading 40 unused Assets to reduce memory usage. Loaded Objects now: 2884.
Total: 4.217100 ms (FindLiveObjects: 0.344700 ms CreateObjectMapping: 0.174800 ms MarkObjects: 2.036700 ms  DeleteObjects: 1.659300 ms)

========================================================================
Received Prepare
Registering precompiled user dll's ...
Registered in 0.000938 seconds.
Begin MonoManager ReloadAssembly
Native extension for WindowsStandalone target not found
Native extension for WebGL target not found
Refreshing native plugins compatible for Editor in 0.39 ms, found 0 plugins.
Preloading 0 native plugins for Editor in 0.00 ms.
Invoked RoslynAnalysisRunner static constructor.
RoslynAnalysisRunner will not be running.
RoslynAnalysisRunner has terminated.
Mono: successfully reloaded assembly
- Completed reload, in  0.815 seconds
Platform modules already initialized, skipping
Shader 'Universal Render Pipeline/Particles/Lit': fallback shader 'Universal Render Pipeline/Particles/SimpleLit' not found
Shader 'Universal Render Pipeline/Particles/Lit': fallback shader 'Universal Render Pipeline/Particles/SimpleLit' not found
Refreshing native plugins compatible for Editor in 0.37 ms, found 0 plugins.
Preloading 0 native plugins for Editor in 0.00 ms.
Unloading 2319 Unused Serialized files (Serialized files now loaded: 0)
System memory in use before: 115.5 MB.
System memory in use after: 113.5 MB.

Unloading 40 unused Assets to reduce memory usage. Loaded Objects now: 2886.
Total: 4.168800 ms (FindLiveObjects: 0.292800 ms CreateObjectMapping: 0.149200 ms MarkObjects: 2.075300 ms  DeleteObjects: 1.650200 ms)

========================================================================
Received Prepare
Registering precompiled user dll's ...
Registered in 0.000985 seconds.
Begin MonoManager ReloadAssembly
Native extension for WindowsStandalone target not found
Native extension for WebGL target not found
Refreshing native plugins compatible for Editor in 0.36 ms, found 0 plugins.
Preloading 0 native plugins for Editor in 0.00 ms.
Invoked RoslynAnalysisRunner static constructor.
RoslynAnalysisRunner will not be running.
RoslynAnalysisRunner has terminated.
Mono: successfully reloaded assembly
- Completed reload, in  0.804 seconds
Platform modules already initialized, skipping
Shader 'Universal Render Pipeline/Particles/Lit': fallback shader 'Universal Render Pipeline/Particles/SimpleLit' not found
Shader 'Universal Render Pipeline/Particles/Lit': fallback shader 'Universal Render Pipeline/Particles/SimpleLit' not found
Refreshing native plugins compatible for Editor in 0.37 ms, found 0 plugins.
Preloading 0 native plugins for Editor in 0.00 ms.
Unloading 2319 Unused Serialized files (Serialized files now loaded: 0)
System memory in use before: 115.5 MB.
System memory in use after: 113.5 MB.

Unloading 40 unused Assets to reduce memory usage. Loaded Objects now: 2888.
Total: 3.969200 ms (FindLiveObjects: 0.280800 ms CreateObjectMapping: 0.137300 ms MarkObjects: 1.929200 ms  DeleteObjects: 1.620600 ms)

========================================================================
Received Prepare
Registering precompiled user dll's ...
Registered in 0.000957 seconds.
Begin MonoManager ReloadAssembly
Native extension for WindowsStandalone target not found
Native extension for WebGL target not found
Refreshing native plugins compatible for Editor in 0.37 ms, found 0 plugins.
Preloading 0 native plugins for Editor in 0.00 ms.
Invoked RoslynAnalysisRunner static constructor.
RoslynAnalysisRunner will not be running.
RoslynAnalysisRunner has terminated.
Mono: successfully reloaded assembly
- Completed reload, in  0.786 seconds
Platform modules already initialized, skipping
Shader 'Universal Render Pipeline/Particles/Lit': fallback shader 'Universal Render Pipeline/Particles/SimpleLit' not found
Shader 'Universal Render Pipeline/Particles/Lit': fallback shader 'Universal Render Pipeline/Particles/SimpleLit' not found
Refreshing native plugins compatible for Editor in 0.42 ms, found 0 plugins.
Preloading 0 native plugins for Editor in 0.00 ms.
Unloading 2319 Unused Serialized files (Serialized files now loaded: 0)
System memory in use before: 115.5 MB.
System memory in use after: 113.5 MB.

Unloading 40 unused Assets to reduce memory usage. Loaded Objects now: 2890.
Total: 3.943900 ms (FindLiveObjects: 0.301100 ms CreateObjectMapping: 0.142800 ms MarkObjects: 1.937800 ms  DeleteObjects: 1.560800 ms)

========================================================================
Received Prepare
Registering precompiled user dll's ...
Registered in 0.000959 seconds.
Begin MonoManager ReloadAssembly
Native extension for WindowsStandalone target not found
Native extension for WebGL target not found
Refreshing native plugins compatible for Editor in 0.36 ms, found 0 plugins.
Preloading 0 native plugins for Editor in 0.00 ms.
Invoked RoslynAnalysisRunner static constructor.
RoslynAnalysisRunner will not be running.
RoslynAnalysisRunner has terminated.
Mono: successfully reloaded assembly
- Completed reload, in  0.768 seconds
Platform modules already initialized, skipping
Shader 'Universal Render Pipeline/Particles/Lit': fallback shader 'Universal Render Pipeline/Particles/SimpleLit' not found
Shader 'Universal Render Pipeline/Particles/Lit': fallback shader 'Universal Render Pipeline/Particles/SimpleLit' not found
Refreshing native plugins compatible for Editor in 0.37 ms, found 0 plugins.
Preloading 0 native plugins for Editor in 0.00 ms.
Unloading 2319 Unused Serialized files (Serialized files now loaded: 0)
System memory in use before: 115.4 MB.
System memory in use after: 113.4 MB.

Unloading 40 unused Assets to reduce memory usage. Loaded Objects now: 2892.
Total: 3.208700 ms (FindLiveObjects: 0.231800 ms CreateObjectMapping: 0.109700 ms MarkObjects: 1.639000 ms  DeleteObjects: 1.226900 ms)

========================================================================
Received Prepare
Registering precompiled user dll's ...
Registered in 0.001027 seconds.
Begin MonoManager ReloadAssembly
Native extension for WindowsStandalone target not found
Native extension for WebGL target not found
Refreshing native plugins compatible for Editor in 0.40 ms, found 0 plugins.
Preloading 0 native plugins for Editor in 0.00 ms.
Invoked RoslynAnalysisRunner static constructor.
RoslynAnalysisRunner will not be running.
RoslynAnalysisRunner has terminated.
Mono: successfully reloaded assembly
- Completed reload, in  0.901 seconds
Platform modules already initialized, skipping
Shader 'Universal Render Pipeline/Particles/Lit': fallback shader 'Universal Render Pipeline/Particles/SimpleLit' not found
Shader 'Universal Render Pipeline/Particles/Lit': fallback shader 'Universal Render Pipeline/Particles/SimpleLit' not found
Refreshing native plugins compatible for Editor in 0.52 ms, found 0 plugins.
Preloading 0 native plugins for Editor in 0.00 ms.
Unloading 2319 Unused Serialized files (Serialized files now loaded: 0)
System memory in use before: 115.6 MB.
System memory in use after: 113.5 MB.

Unloading 40 unused Assets to reduce memory usage. Loaded Objects now: 2894.
Total: 4.213700 ms (FindLiveObjects: 0.313000 ms CreateObjectMapping: 0.256200 ms MarkObjects: 2.172100 ms  DeleteObjects: 1.470600 ms)

========================================================================
Received Prepare
Registering precompiled user dll's ...
Registered in 0.001085 seconds.
Begin MonoManager ReloadAssembly
Native extension for WindowsStandalone target not found
Native extension for WebGL target not found
Refreshing native plugins compatible for Editor in 0.36 ms, found 0 plugins.
Preloading 0 native plugins for Editor in 0.00 ms.
Invoked RoslynAnalysisRunner static constructor.
RoslynAnalysisRunner will not be running.
RoslynAnalysisRunner has terminated.
Mono: successfully reloaded assembly
- Completed reload, in  0.789 seconds
Platform modules already initialized, skipping
Shader 'Universal Render Pipeline/Particles/Lit': fallback shader 'Universal Render Pipeline/Particles/SimpleLit' not found
Shader 'Universal Render Pipeline/Particles/Lit': fallback shader 'Universal Render Pipeline/Particles/SimpleLit' not found
Refreshing native plugins compatible for Editor in 0.36 ms, found 0 plugins.
Preloading 0 native plugins for Editor in 0.00 ms.
Unloading 2319 Unused Serialized files (Serialized files now loaded: 0)
System memory in use before: 115.5 MB.
System memory in use after: 113.5 MB.

Unloading 40 unused Assets to reduce memory usage. Loaded Objects now: 2896.
Total: 3.269700 ms (FindLiveObjects: 0.241200 ms CreateObjectMapping: 0.116800 ms MarkObjects: 1.668400 ms  DeleteObjects: 1.242500 ms)

========================================================================
Received Prepare
Registering precompiled user dll's ...
Registered in 0.000978 seconds.
Begin MonoManager ReloadAssembly
Native extension for WindowsStandalone target not found
Native extension for WebGL target not found
Refreshing native plugins compatible for Editor in 0.43 ms, found 0 plugins.
Preloading 0 native plugins for Editor in 0.00 ms.
Invoked RoslynAnalysisRunner static constructor.
RoslynAnalysisRunner will not be running.
RoslynAnalysisRunner has terminated.
Mono: successfully reloaded assembly
- Completed reload, in  0.794 seconds
Platform modules already initialized, skipping
Shader 'Universal Render Pipeline/Particles/Lit': fallback shader 'Universal Render Pipeline/Particles/SimpleLit' not found
Shader 'Universal Render Pipeline/Particles/Lit': fallback shader 'Universal Render Pipeline/Particles/SimpleLit' not found
Refreshing native plugins compatible for Editor in 0.38 ms, found 0 plugins.
Preloading 0 native plugins for Editor in 0.00 ms.
Unloading 2319 Unused Serialized files (Serialized files now loaded: 0)
System memory in use before: 115.6 MB.
System memory in use after: 113.5 MB.

Unloading 40 unused Assets to reduce memory usage. Loaded Objects now: 2898.
Total: 4.112500 ms (FindLiveObjects: 0.310700 ms CreateObjectMapping: 0.152800 ms MarkObjects: 2.040600 ms  DeleteObjects: 1.607300 ms)

========================================================================
Received Prepare
Registering precompiled user dll's ...
Registered in 0.000991 seconds.
Begin MonoManager ReloadAssembly
Native extension for WindowsStandalone target not found
Native extension for WebGL target not found
Refreshing native plugins compatible for Editor in 0.36 ms, found 0 plugins.
Preloading 0 native plugins for Editor in 0.00 ms.
Invoked RoslynAnalysisRunner static constructor.
RoslynAnalysisRunner will not be running.
RoslynAnalysisRunner has terminated.
Mono: successfully reloaded assembly
- Completed reload, in  0.830 seconds
Platform modules already initialized, skipping
Shader 'Universal Render Pipeline/Particles/Lit': fallback shader 'Universal Render Pipeline/Particles/SimpleLit' not found
Shader 'Universal Render Pipeline/Particles/Lit': fallback shader 'Universal Render Pipeline/Particles/SimpleLit' not found
Refreshing native plugins compatible for Editor in 0.37 ms, found 0 plugins.
Preloading 0 native plugins for Editor in 0.00 ms.
Unloading 2319 Unused Serialized files (Serialized files now loaded: 0)
System memory in use before: 115.5 MB.
System memory in use after: 113.5 MB.

Unloading 40 unused Assets to reduce memory usage. Loaded Objects now: 2900.
Total: 4.133000 ms (FindLiveObjects: 0.276700 ms CreateObjectMapping: 0.166700 ms MarkObjects: 2.112100 ms  DeleteObjects: 1.576200 ms)

========================================================================
Received Prepare
Registering precompiled user dll's ...
Registered in 0.001123 seconds.
Begin MonoManager ReloadAssembly
Native extension for WindowsStandalone target not found
Native extension for WebGL target not found
Refreshing native plugins compatible for Editor in 0.36 ms, found 0 plugins.
Preloading 0 native plugins for Editor in 0.00 ms.
Invoked RoslynAnalysisRunner static constructor.
RoslynAnalysisRunner will not be running.
RoslynAnalysisRunner has terminated.
Mono: successfully reloaded assembly
- Completed reload, in  0.778 seconds
Platform modules already initialized, skipping
Shader 'Universal Render Pipeline/Particles/Lit': fallback shader 'Universal Render Pipeline/Particles/SimpleLit' not found
Shader 'Universal Render Pipeline/Particles/Lit': fallback shader 'Universal Render Pipeline/Particles/SimpleLit' not found
Refreshing native plugins compatible for Editor in 0.36 ms, found 0 plugins.
Preloading 0 native plugins for Editor in 0.00 ms.
Unloading 2319 Unused Serialized files (Serialized files now loaded: 0)
System memory in use before: 115.5 MB.
System memory in use after: 113.4 MB.

Unloading 40 unused Assets to reduce memory usage. Loaded Objects now: 2902.
Total: 3.207600 ms (FindLiveObjects: 0.233500 ms CreateObjectMapping: 0.107300 ms MarkObjects: 1.628400 ms  DeleteObjects: 1.237400 ms)

========================================================================
Received Prepare
Registering precompiled user dll's ...
Registered in 0.000946 seconds.
Begin MonoManager ReloadAssembly
Native extension for WindowsStandalone target not found
Native extension for WebGL target not found
Refreshing native plugins compatible for Editor in 0.37 ms, found 0 plugins.
Preloading 0 native plugins for Editor in 0.00 ms.
Invoked RoslynAnalysisRunner static constructor.
RoslynAnalysisRunner will not be running.
RoslynAnalysisRunner has terminated.
Mono: successfully reloaded assembly
- Completed reload, in  0.781 seconds
Platform modules already initialized, skipping
Shader 'Universal Render Pipeline/Particles/Lit': fallback shader 'Universal Render Pipeline/Particles/SimpleLit' not found
Shader 'Universal Render Pipeline/Particles/Lit': fallback shader 'Universal Render Pipeline/Particles/SimpleLit' not found
Refreshing native plugins compatible for Editor in 0.37 ms, found 0 plugins.
Preloading 0 native plugins for Editor in 0.00 ms.
Unloading 2319 Unused Serialized files (Serialized files now loaded: 0)
System memory in use before: 115.5 MB.
System memory in use after: 113.5 MB.

Unloading 40 unused Assets to reduce memory usage. Loaded Objects now: 2904.
Total: 3.518200 ms (FindLiveObjects: 0.348700 ms CreateObjectMapping: 0.136200 ms MarkObjects: 1.727500 ms  DeleteObjects: 1.304200 ms)

========================================================================
Received Import Request.
  Time since last request: 2437.530359 seconds.
  path: Assets/CharacterControl.cs
  artifactKey: Guid(650dad9617be8c5468c8ad59ecde140a) Importer(815301076,1909f56bfc062723c751e8b465ee728b)
Start importing Assets/CharacterControl.cs using Guid(650dad9617be8c5468c8ad59ecde140a) Importer(815301076,1909f56bfc062723c751e8b465ee728b)  -> (artifact id: '647b3c9c1b6c092459f8e690fdae25ba') in 0.014520 seconds
  Import took 0.018711 seconds .

========================================================================
Received Prepare
Registering precompiled user dll's ...
Registered in 0.001011 seconds.
Begin MonoManager ReloadAssembly
Native extension for WindowsStandalone target not found
Native extension for WebGL target not found
Refreshing native plugins compatible for Editor in 0.38 ms, found 0 plugins.
Preloading 0 native plugins for Editor in 0.00 ms.
Invoked RoslynAnalysisRunner static constructor.
RoslynAnalysisRunner will not be running.
RoslynAnalysisRunner has terminated.
Mono: successfully reloaded assembly
- Completed reload, in  0.792 seconds
Platform modules already initialized, skipping
Shader 'Universal Render Pipeline/Particles/Lit': fallback shader 'Universal Render Pipeline/Particles/SimpleLit' not found
Shader 'Universal Render Pipeline/Particles/Lit': fallback shader 'Universal Render Pipeline/Particles/SimpleLit' not found
Refreshing native plugins compatible for Editor in 0.37 ms, found 0 plugins.
Preloading 0 native plugins for Editor in 0.00 ms.
Unloading 2319 Unused Serialized files (Serialized files now loaded: 0)
System memory in use before: 115.6 MB.
System memory in use after: 113.6 MB.

Unloading 40 unused Assets to reduce memory usage. Loaded Objects now: 2906.
Total: 3.467800 ms (FindLiveObjects: 0.251500 ms CreateObjectMapping: 0.131500 ms MarkObjects: 1.806200 ms  DeleteObjects: 1.277500 ms)

========================================================================
Received Prepare
Registering precompiled user dll's ...
Registered in 0.001011 seconds.
Begin MonoManager ReloadAssembly
Native extension for WindowsStandalone target not found
Native extension for WebGL target not found
Refreshing native plugins compatible for Editor in 0.36 ms, found 0 plugins.
Preloading 0 native plugins for Editor in 0.00 ms.
Invoked RoslynAnalysisRunner static constructor.
RoslynAnalysisRunner will not be running.
RoslynAnalysisRunner has terminated.
Mono: successfully reloaded assembly
- Completed reload, in  0.801 seconds
Platform modules already initialized, skipping
Shader 'Universal Render Pipeline/Particles/Lit': fallback shader 'Universal Render Pipeline/Particles/SimpleLit' not found
Shader 'Universal Render Pipeline/Particles/Lit': fallback shader 'Universal Render Pipeline/Particles/SimpleLit' not found
Refreshing native plugins compatible for Editor in 0.37 ms, found 0 plugins.
Preloading 0 native plugins for Editor in 0.00 ms.
Unloading 2319 Unused Serialized files (Serialized files now loaded: 0)
System memory in use before: 115.6 MB.
System memory in use after: 113.6 MB.

Unloading 40 unused Assets to reduce memory usage. Loaded Objects now: 2908.
Total: 4.217400 ms (FindLiveObjects: 0.299900 ms CreateObjectMapping: 0.150600 ms MarkObjects: 2.228400 ms  DeleteObjects: 1.536400 ms)

========================================================================
Received Import Request.
  Time since last request: 1411.073205 seconds.
  path: Assets/Flag_01.fbx
  artifactKey: Guid(faab462f32398654f80fcb12d50823f5) Importer(815301076,1909f56bfc062723c751e8b465ee728b)
Start importing Assets/Flag_01.fbx using Guid(faab462f32398654f80fcb12d50823f5) Importer(815301076,1909f56bfc062723c751e8b465ee728b)  -> (artifact id: '72edd1cf11a5c15ea3f6e4d665775a5e') in 0.192235 seconds
  Import took 0.196974 seconds .

========================================================================
Received Import Request.
  Time since last request: 0.000249 seconds.
  path: Assets/Turret_01.fbx
  artifactKey: Guid(07a3597d796ed6a42a07e8922bbdd29b) Importer(815301076,1909f56bfc062723c751e8b465ee728b)
Start importing Assets/Turret_01.fbx using Guid(07a3597d796ed6a42a07e8922bbdd29b) Importer(815301076,1909f56bfc062723c751e8b465ee728b)  -> (artifact id: '9ccab5dc60902480085467f39fdefd7d') in 0.030901 seconds
  Import took 0.034463 seconds .

========================================================================
Received Import Request.
  Time since last request: 168.898136 seconds.
  path: Assets/Clear_Mat.mat
  artifactKey: Guid(89a9295786a71e545a9534170b987ba4) Importer(815301076,1909f56bfc062723c751e8b465ee728b)
Start importing Assets/Clear_Mat.mat using Guid(89a9295786a71e545a9534170b987ba4) Importer(815301076,1909f56bfc062723c751e8b465ee728b)  -> (artifact id: 'bdeb6dded9e5e734058f573b1d8c6dda') in 0.026186 seconds
  Import took 0.030199 seconds .

========================================================================
Received Import Request.
  Time since last request: 223.409731 seconds.
  path: Assets/Clear_Mat.mat
  artifactKey: Guid(89a9295786a71e545a9534170b987ba4) Importer(815301076,1909f56bfc062723c751e8b465ee728b)
Start importing Assets/Clear_Mat.mat using Guid(89a9295786a71e545a9534170b987ba4) Importer(815301076,1909f56bfc062723c751e8b465ee728b)  -> (artifact id: 'c0fb1882b07d0779376aa5028d32843f') in 0.010566 seconds
  Import took 0.014998 seconds .

========================================================================
Received Prepare
Registering precompiled user dll's ...
Registered in 0.000989 seconds.
Begin MonoManager ReloadAssembly
Native extension for WindowsStandalone target not found
Native extension for WebGL target not found
Refreshing native plugins compatible for Editor in 0.40 ms, found 0 plugins.
Preloading 0 native plugins for Editor in 0.00 ms.
Invoked RoslynAnalysisRunner static constructor.
RoslynAnalysisRunner will not be running.
RoslynAnalysisRunner has terminated.
Mono: successfully reloaded assembly
- Completed reload, in  0.777 seconds
Platform modules already initialized, skipping
Shader 'Universal Render Pipeline/Particles/Lit': fallback shader 'Universal Render Pipeline/Particles/SimpleLit' not found
Shader 'Universal Render Pipeline/Particles/Lit': fallback shader 'Universal Render Pipeline/Particles/SimpleLit' not found
Refreshing native plugins compatible for Editor in 0.37 ms, found 0 plugins.
Preloading 0 native plugins for Editor in 0.00 ms.
Unloading 2319 Unused Serialized files (Serialized files now loaded: 0)
System memory in use before: 115.7 MB.
System memory in use after: 113.7 MB.

Unloading 40 unused Assets to reduce memory usage. Loaded Objects now: 2946.
Total: 3.205100 ms (FindLiveObjects: 0.222000 ms CreateObjectMapping: 0.116800 ms MarkObjects: 1.618300 ms  DeleteObjects: 1.247100 ms)

========================================================================
Received Prepare
Registering precompiled user dll's ...
Registered in 0.000935 seconds.
Begin MonoManager ReloadAssembly
Native extension for WindowsStandalone target not found
Native extension for WebGL target not found
Refreshing native plugins compatible for Editor in 0.36 ms, found 0 plugins.
Preloading 0 native plugins for Editor in 0.00 ms.
Invoked RoslynAnalysisRunner static constructor.
RoslynAnalysisRunner will not be running.
RoslynAnalysisRunner has terminated.
Mono: successfully reloaded assembly
- Completed reload, in  0.817 seconds
Platform modules already initialized, skipping
Shader 'Universal Render Pipeline/Particles/Lit': fallback shader 'Universal Render Pipeline/Particles/SimpleLit' not found
Shader 'Universal Render Pipeline/Particles/Lit': fallback shader 'Universal Render Pipeline/Particles/SimpleLit' not found
Refreshing native plugins compatible for Editor in 0.37 ms, found 0 plugins.
Preloading 0 native plugins for Editor in 0.00 ms.
Unloading 2320 Unused Serialized files (Serialized files now loaded: 0)
System memory in use before: 115.7 MB.
System memory in use after: 113.6 MB.

Unloading 40 unused Assets to reduce memory usage. Loaded Objects now: 2949.
Total: 3.716200 ms (FindLiveObjects: 0.276000 ms CreateObjectMapping: 0.124600 ms MarkObjects: 1.939700 ms  DeleteObjects: 1.374600 ms)

AssetImportWorkerClient::OnTransportError - code=2 error=End of file
