Using pre-set license
Built from '2020.2/release' branch; Version is '2020.2.1f1 (270dd8c3da1c) revision 2559448'; Using compiler version '192528614'; Build Type 'Release'
OS: 'Windows 10  (10.0.0) 64bit' Language: 'en' Physical Memory: 16267 MB
BatchMode: 1, IsHumanControllingUs: 0, StartBugReporterOnCrash: 0, Is64bit: 1, IsPro: 0

 COMMAND LINE ARGUMENTS:
C:\Program Files\Unity\Hub\Editor\2020.2.1f1\Editor\Unity.exe
-adb2
-batchMode
-noUpm
-name
AssetImportWorker0
-projectPath
C:/Users/zbogn/OneDrive/Documents/Checkpoint_Project/Checkpoint
-logFile
Logs/AssetImportWorker0.log
-srvPort
49895
Successfully changed project path to: C:/Users/zbogn/OneDrive/Documents/Checkpoint_Project/Checkpoint
C:/Users/zbogn/OneDrive/Documents/Checkpoint_Project/Checkpoint
Using Asset Import Pipeline V2.
Refreshing native plugins compatible for Editor in 121.12 ms, found 0 plugins.
Preloading 0 native plugins for Editor in 0.00 ms.
Initialize engine version: 2020.2.1f1 (270dd8c3da1c)
[Subsystems] Discovering subsystems at path C:/Program Files/Unity/Hub/Editor/2020.2.1f1/Editor/Data/Resources/UnitySubsystems
[Subsystems] Discovering subsystems at path C:/Users/zbogn/OneDrive/Documents/Checkpoint_Project/Checkpoint/Assets
GfxDevice: creating device client; threaded=0
Direct3D:
    Version:  Direct3D 11.0 [level 11.0]
    Renderer: NVIDIA GeForce GTX 870M (ID=0x1199)
    Vendor:   
    VRAM:     3029 MB
    Driver:   25.21.14.2531
Shader 'Universal Render Pipeline/Particles/Lit': fallback shader 'Universal Render Pipeline/Particles/SimpleLit' not found
Initialize mono
Mono path[0] = 'C:/Program Files/Unity/Hub/Editor/2020.2.1f1/Editor/Data/Managed'
Mono path[1] = 'C:/Program Files/Unity/Hub/Editor/2020.2.1f1/Editor/Data/MonoBleedingEdge/lib/mono/unityjit'
Mono config path = 'C:/Program Files/Unity/Hub/Editor/2020.2.1f1/Editor/Data/MonoBleedingEdge/etc'
Using monoOptions --debugger-agent=transport=dt_socket,embedding=1,server=y,suspend=n,address=127.0.0.1:56972
Begin MonoManager ReloadAssembly
Registering precompiled unity dll's ...
Register platform support module: C:/Program Files/Unity/Hub/Editor/2020.2.1f1/Editor/Data/PlaybackEngines/WebGLSupport/UnityEditor.WebGL.Extensions.dll
Register platform support module: C:/Program Files/Unity/Hub/Editor/2020.2.1f1/Editor/Data/PlaybackEngines/WindowsStandaloneSupport/UnityEditor.WindowsStandalone.Extensions.dll
Register platform support module: C:/Program Files/Unity/Hub/Editor/2020.2.1f1/Editor/Data/PlaybackEngines/LinuxStandaloneSupport/UnityEditor.LinuxStandalone.Extensions.dll
Registered in 0.002511 seconds.
Native extension for LinuxStandalone target not found
Native extension for WindowsStandalone target not found
Native extension for WebGL target not found
Refreshing native plugins compatible for Editor in 89.19 ms, found 0 plugins.
Preloading 0 native plugins for Editor in 0.00 ms.
Invoked RoslynAnalysisRunner static constructor.
RoslynAnalysisRunner will not be running.
RoslynAnalysisRunner has terminated.
Mono: successfully reloaded assembly
- Completed reload, in  1.925 seconds
Platform modules already initialized, skipping
Registering precompiled user dll's ...
Registered in 0.002764 seconds.
Begin MonoManager ReloadAssembly
Native extension for LinuxStandalone target not found
Native extension for WindowsStandalone target not found
Native extension for WebGL target not found
Refreshing native plugins compatible for Editor in 103.73 ms, found 0 plugins.
Preloading 0 native plugins for Editor in 0.00 ms.
Invoked RoslynAnalysisRunner static constructor.
RoslynAnalysisRunner will not be running.
RoslynAnalysisRunner has terminated.
Mono: successfully reloaded assembly
- Completed reload, in  2.212 seconds
Platform modules already initialized, skipping
========================================================================
Worker process is ready to serve import requests
Shader 'Universal Render Pipeline/Particles/Lit': fallback shader 'Universal Render Pipeline/Particles/SimpleLit' not found
Launched and connected shader compiler UnityShaderCompiler.exe after 0.04 seconds
Refreshing native plugins compatible for Editor in 1.16 ms, found 0 plugins.
Preloading 0 native plugins for Editor in 0.00 ms.
Unloading 3159 Unused Serialized files (Serialized files now loaded: 0)
System memory in use before: 146.1 MB.
System memory in use after: 146.2 MB.

Unloading 132 unused Assets to reduce memory usage. Loaded Objects now: 3593.
Total: 5.877900 ms (FindLiveObjects: 0.802700 ms CreateObjectMapping: 0.530900 ms MarkObjects: 4.169900 ms  DeleteObjects: 0.371900 ms)

========================================================================
Received Import Request.
  path: Assets/Prefabs/Projectile_Turret_01 1.prefab
  artifactKey: Guid(dc11134a2bb76c1429728f015c7d9f29) Importer(815301076,1909f56bfc062723c751e8b465ee728b)
Start importing Assets/Prefabs/Projectile_Turret_01 1.prefab using Guid(dc11134a2bb76c1429728f015c7d9f29) Importer(815301076,1909f56bfc062723c751e8b465ee728b)  -> (artifact id: 'e7e5ad0c14931b2f79a45a7e1d59b75f') in 0.406838 seconds
  Import took 0.416850 seconds .

========================================================================
Received Import Request.
  Time since last request: 0.000344 seconds.
  path: Assets/Prefabs/Projectile_Turret_01.prefab
  artifactKey: Guid(09dcd18161fc55e44b48813e8e347272) Importer(815301076,1909f56bfc062723c751e8b465ee728b)
Start importing Assets/Prefabs/Projectile_Turret_01.prefab using Guid(09dcd18161fc55e44b48813e8e347272) Importer(815301076,1909f56bfc062723c751e8b465ee728b)  -> (artifact id: '8cfba5c740b2a6cd0afbc7c551301347') in 0.011164 seconds
  Import took 0.021678 seconds .

========================================================================
Received Import Request.
  Time since last request: 267.701371 seconds.
  path: Assets/Scripts/FireProjectile.cs
  artifactKey: Guid(21fc7f743923585489eab949e224fcdd) Importer(815301076,1909f56bfc062723c751e8b465ee728b)
Start importing Assets/Scripts/FireProjectile.cs using Guid(21fc7f743923585489eab949e224fcdd) Importer(815301076,1909f56bfc062723c751e8b465ee728b)  -> (artifact id: 'cc6567503bfd9743f836adb41c15daf2') in 0.015984 seconds
  Import took 0.023855 seconds .

========================================================================
Received Prepare
Registering precompiled user dll's ...
Registered in 0.002907 seconds.
Begin MonoManager ReloadAssembly
Native extension for LinuxStandalone target not found
Native extension for WindowsStandalone target not found
Native extension for WebGL target not found
Refreshing native plugins compatible for Editor in 0.67 ms, found 0 plugins.
Preloading 0 native plugins for Editor in 0.00 ms.
Warning: Annotation not found!
UnityEngine.StackTraceUtility:ExtractStackTrace ()
UnityEditor.ProBuilder.EditorUtility:SetGizmoIconEnabled (System.Type,bool) (at Library/PackageCache/com.unity.probuilder@4.4.0/Editor/EditorCore/EditorUtility.cs:593)
UnityEditor.ProBuilder.HierarchyListener:.cctor () (at Library/PackageCache/com.unity.probuilder@4.4.0/Editor/EditorCore/HierarchyListener.cs:21)
System.Runtime.CompilerServices.RuntimeHelpers:RunClassConstructor (System.RuntimeTypeHandle)
UnityEditor.EditorAssemblies:ProcessInitializeOnLoadAttributes (System.Type[])

[Library/PackageCache/com.unity.probuilder@4.4.0/Editor/EditorCore/EditorUtility.cs line 593]

Invoked RoslynAnalysisRunner static constructor.
RoslynAnalysisRunner will not be running.
RoslynAnalysisRunner has terminated.
Mono: successfully reloaded assembly
- Completed reload, in  1.517 seconds
Platform modules already initialized, skipping
Shader 'Universal Render Pipeline/Particles/Lit': fallback shader 'Universal Render Pipeline/Particles/SimpleLit' not found
Refreshing native plugins compatible for Editor in 0.67 ms, found 0 plugins.
Preloading 0 native plugins for Editor in 0.00 ms.
Unloading 2972 Unused Serialized files (Serialized files now loaded: 0)
System memory in use before: 140.1 MB.
System memory in use after: 140.3 MB.

Unloading 9 unused Assets to reduce memory usage. Loaded Objects now: 3640.
Total: 4.546900 ms (FindLiveObjects: 0.477400 ms CreateObjectMapping: 0.483800 ms MarkObjects: 3.505000 ms  DeleteObjects: 0.079000 ms)

========================================================================
Received Import Request.
  Time since last request: 312.587718 seconds.
  path: Assets/FreckleFace-Regular.ttf
  artifactKey: Guid(2f4d76a134eada34384e82941e777744) Importer(815301076,1909f56bfc062723c751e8b465ee728b)
Start importing Assets/FreckleFace-Regular.ttf using Guid(2f4d76a134eada34384e82941e777744) Importer(815301076,1909f56bfc062723c751e8b465ee728b)  -> (artifact id: '3aaae2f84baff6cc5c98f3fa85c24a50') in 0.211066 seconds
  Import took 0.218780 seconds .

========================================================================
Received Import Request.
  Time since last request: 27.456922 seconds.
  path: Assets
  artifactKey: Guid(00000000000000001000000000000000) Importer(815301076,1909f56bfc062723c751e8b465ee728b)
Start importing Assets using Guid(00000000000000001000000000000000) Importer(815301076,1909f56bfc062723c751e8b465ee728b)  -> (artifact id: 'c9d2053a2c2013d7aaf4c7ce38983ceb') in 0.009490 seconds
  Import took 0.016963 seconds .

========================================================================
Received Import Request.
  Time since last request: 13.501323 seconds.
  path: Assets/New Material.mat
  artifactKey: Guid(ae646137690f4214e8e39e46dc573cdc) Importer(815301076,1909f56bfc062723c751e8b465ee728b)
Start importing Assets/New Material.mat using Guid(ae646137690f4214e8e39e46dc573cdc) Importer(815301076,1909f56bfc062723c751e8b465ee728b)  -> (artifact id: '7c6fbcab95b40ea299cbe9aa914de9be') in 0.032028 seconds
  Import took 0.041563 seconds .

========================================================================
Received Import Request.
  Time since last request: 28.622611 seconds.
  path: Assets/TextMesh Pro/Sprites/EmojiOne.png
  artifactKey: Guid(dffef66376be4fa480fb02b19edbe903) Importer(815301076,1909f56bfc062723c751e8b465ee728b)
Start importing Assets/TextMesh Pro/Sprites/EmojiOne.png using Guid(dffef66376be4fa480fb02b19edbe903) Importer(815301076,1909f56bfc062723c751e8b465ee728b)  -> (artifact id: '0bffa88f56eaec68b90e3296e6419470') in 0.083109 seconds
  Import took 0.092186 seconds .

========================================================================
Received Import Request.
  Time since last request: 0.000316 seconds.
  path: Assets/TextMesh Pro/Resources/Fonts & Materials/LiberationSans SDF - Fallback.asset
  artifactKey: Guid(2e498d1c8094910479dc3e1b768306a4) Importer(815301076,1909f56bfc062723c751e8b465ee728b)
Start importing Assets/TextMesh Pro/Resources/Fonts & Materials/LiberationSans SDF - Fallback.asset using Guid(2e498d1c8094910479dc3e1b768306a4) Importer(815301076,1909f56bfc062723c751e8b465ee728b)  -> (artifact id: '16c52e72cd7b98282d20296dab2ba5bf') in 0.051606 seconds
  Import took 0.060136 seconds .

========================================================================
Received Import Request.
  Time since last request: 0.000235 seconds.
  path: Assets/TextMesh Pro/Sprites/EmojiOne.png
  artifactKey: Guid(dffef66376be4fa480fb02b19edbe903) Importer(815301076,1909f56bfc062723c751e8b465ee728b)
Start importing Assets/TextMesh Pro/Sprites/EmojiOne.png using Guid(dffef66376be4fa480fb02b19edbe903) Importer(815301076,1909f56bfc062723c751e8b465ee728b)  -> (artifact id: '0bffa88f56eaec68b90e3296e6419470') in 0.012300 seconds
  Import took 0.022029 seconds .

========================================================================
Received Import Request.
  Time since last request: 0.000253 seconds.
  path: Assets/TextMesh Pro/Resources/Fonts & Materials/LiberationSans SDF.asset
  artifactKey: Guid(8f586378b4e144a9851e7b34d9b748ee) Importer(815301076,1909f56bfc062723c751e8b465ee728b)
Start importing Assets/TextMesh Pro/Resources/Fonts & Materials/LiberationSans SDF.asset using Guid(8f586378b4e144a9851e7b34d9b748ee) Importer(815301076,1909f56bfc062723c751e8b465ee728b)  -> (artifact id: '5bc68c01648653a233ef3a7a057e9cee') in 0.054077 seconds
  Import took 0.062542 seconds .

========================================================================
Received Import Request.
  Time since last request: 41.750017 seconds.
  path: Assets/TextMesh Pro/Resources/Fonts & Materials/LiberationSans SDF - Drop Shadow.mat
  artifactKey: Guid(e73a58f6e2794ae7b1b7e50b7fb811b0) Importer(815301076,1909f56bfc062723c751e8b465ee728b)
Start importing Assets/TextMesh Pro/Resources/Fonts & Materials/LiberationSans SDF - Drop Shadow.mat using Guid(e73a58f6e2794ae7b1b7e50b7fb811b0) Importer(815301076,1909f56bfc062723c751e8b465ee728b)  -> (artifact id: '9e9324ce1178432137dba8b938cb2bb8') in 0.131792 seconds
  Import took 0.140383 seconds .

========================================================================
Received Import Request.
  Time since last request: 0.000218 seconds.
  path: Assets/TextMesh Pro/Resources/Fonts & Materials/LiberationSans SDF - Outline.mat
  artifactKey: Guid(79459efec17a4d00a321bdcc27bbc385) Importer(815301076,1909f56bfc062723c751e8b465ee728b)
Start importing Assets/TextMesh Pro/Resources/Fonts & Materials/LiberationSans SDF - Outline.mat using Guid(79459efec17a4d00a321bdcc27bbc385) Importer(815301076,1909f56bfc062723c751e8b465ee728b)  -> (artifact id: '97fab1def0b15aeff0ad93e19ff1d2cd') in 0.216574 seconds
  Import took 0.224228 seconds .

========================================================================
Received Import Request.
  Time since last request: 0.000290 seconds.
  path: Assets/TextMesh Pro/Resources/Fonts & Materials/LiberationSans SDF - Drop Shadow.mat
  artifactKey: Guid(e73a58f6e2794ae7b1b7e50b7fb811b0) Importer(815301076,1909f56bfc062723c751e8b465ee728b)
Start importing Assets/TextMesh Pro/Resources/Fonts & Materials/LiberationSans SDF - Drop Shadow.mat using Guid(e73a58f6e2794ae7b1b7e50b7fb811b0) Importer(815301076,1909f56bfc062723c751e8b465ee728b)  -> (artifact id: '9e9324ce1178432137dba8b938cb2bb8') in 0.035224 seconds
  Import took 0.043840 seconds .

========================================================================
Received Import Request.
  Time since last request: 0.000224 seconds.
  path: Assets/TextMesh Pro/Resources/Fonts & Materials/LiberationSans SDF - Outline.mat
  artifactKey: Guid(79459efec17a4d00a321bdcc27bbc385) Importer(815301076,1909f56bfc062723c751e8b465ee728b)
Start importing Assets/TextMesh Pro/Resources/Fonts & Materials/LiberationSans SDF - Outline.mat using Guid(79459efec17a4d00a321bdcc27bbc385) Importer(815301076,1909f56bfc062723c751e8b465ee728b)  -> (artifact id: '97fab1def0b15aeff0ad93e19ff1d2cd') in 0.037602 seconds
  Import took 0.046061 seconds .

========================================================================
Received Import Request.
  Time since last request: 59.801434 seconds.
  path: Assets/TextMesh Pro
  artifactKey: Guid(f54d1bd14bd3ca042bd867b519fee8cc) Importer(815301076,1909f56bfc062723c751e8b465ee728b)
Start importing Assets/TextMesh Pro using Guid(f54d1bd14bd3ca042bd867b519fee8cc) Importer(815301076,1909f56bfc062723c751e8b465ee728b)  -> (artifact id: '019cb03cd4e37445542528c396c70315') in 0.011202 seconds
  Import took 0.020695 seconds .

========================================================================
Received Import Request.
  Time since last request: 261.953320 seconds.
  path: Assets/TextMesh Pro/Fonts/LiberationSans.ttf
  artifactKey: Guid(e3265ab4bf004d28a9537516768c1c75) Importer(815301076,1909f56bfc062723c751e8b465ee728b)
Start importing Assets/TextMesh Pro/Fonts/LiberationSans.ttf using Guid(e3265ab4bf004d28a9537516768c1c75) Importer(815301076,1909f56bfc062723c751e8b465ee728b)  -> (artifact id: 'ce990a3e525a28271966b929064142de') in 0.023188 seconds
  Import took 0.031540 seconds .

========================================================================
Received Import Request.
  Time since last request: 11.736094 seconds.
  path: Assets/TextMesh Pro/Fonts/FreckleFace-Regular.ttf
  artifactKey: Guid(70ec93e254cb9fe4f9e86552042c85a5) Importer(815301076,1909f56bfc062723c751e8b465ee728b)
Start importing Assets/TextMesh Pro/Fonts/FreckleFace-Regular.ttf using Guid(70ec93e254cb9fe4f9e86552042c85a5) Importer(815301076,1909f56bfc062723c751e8b465ee728b)  -> (artifact id: 'c81fc111236ebd0a38e625f010d93deb') in 0.012464 seconds
  Import took 0.018652 seconds .

========================================================================
Received Import Request.
  Time since last request: 10.500327 seconds.
  path: Assets/TextMesh Pro/Fonts/LiberationSans - OFL.txt
  artifactKey: Guid(6e59c59b81ab47f9b6ec5781fa725d2c) Importer(815301076,1909f56bfc062723c751e8b465ee728b)
Start importing Assets/TextMesh Pro/Fonts/LiberationSans - OFL.txt using Guid(6e59c59b81ab47f9b6ec5781fa725d2c) Importer(815301076,1909f56bfc062723c751e8b465ee728b)  -> (artifact id: 'f490442f10cfcb1c7abe56b689793597') in 0.013820 seconds
  Import took 0.022368 seconds .

========================================================================
Received Import Request.
  Time since last request: 14.110387 seconds.
  path: Assets/TextMesh Pro/Resources/Sprite Assets/EmojiOne.asset
  artifactKey: Guid(c41005c129ba4d66911b75229fd70b45) Importer(815301076,1909f56bfc062723c751e8b465ee728b)
Start importing Assets/TextMesh Pro/Resources/Sprite Assets/EmojiOne.asset using Guid(c41005c129ba4d66911b75229fd70b45) Importer(815301076,1909f56bfc062723c751e8b465ee728b)  -> (artifact id: '0fe4e2d2423678684facff659da75c9a') in 0.011517 seconds
  Import took 0.018546 seconds .

========================================================================
Received Import Request.
  Time since last request: 0.762277 seconds.
  path: Assets/TextMesh Pro/Resources/Style Sheets/Default Style Sheet.asset
  artifactKey: Guid(f952c082cb03451daed3ee968ac6c63e) Importer(815301076,1909f56bfc062723c751e8b465ee728b)
Start importing Assets/TextMesh Pro/Resources/Style Sheets/Default Style Sheet.asset using Guid(f952c082cb03451daed3ee968ac6c63e) Importer(815301076,1909f56bfc062723c751e8b465ee728b)  -> (artifact id: 'fda67e39f7143cfd2307bbb9705e6e8e') in 0.011505 seconds
  Import took 0.019006 seconds .

========================================================================
Received Import Request.
  Time since last request: 4.240412 seconds.
  path: Assets/TextMesh Pro/Fonts
  artifactKey: Guid(6ab70aee4d56447429c680537fbf93ed) Importer(815301076,1909f56bfc062723c751e8b465ee728b)
Start importing Assets/TextMesh Pro/Fonts using Guid(6ab70aee4d56447429c680537fbf93ed) Importer(815301076,1909f56bfc062723c751e8b465ee728b)  -> (artifact id: 'c4742d80aaf642e5ebba43b2cd9f45c7') in 0.010357 seconds
  Import took 0.018086 seconds .

========================================================================
Received Import Request.
  Time since last request: 0.004245 seconds.
  path: Assets/TextMesh Pro/Fonts
  artifactKey: Guid(6ab70aee4d56447429c680537fbf93ed) Importer(815301076,1909f56bfc062723c751e8b465ee728b)
Start importing Assets/TextMesh Pro/Fonts using Guid(6ab70aee4d56447429c680537fbf93ed) Importer(815301076,1909f56bfc062723c751e8b465ee728b)  -> (artifact id: 'c4742d80aaf642e5ebba43b2cd9f45c7') in 0.003287 seconds
  Import took 0.011895 seconds .

========================================================================
Received Import Request.
  Time since last request: 82.369986 seconds.
  path: Assets/TextMesh Pro/Resources/TMP Settings.asset
  artifactKey: Guid(3f5b5dff67a942289a9defa416b206f3) Importer(815301076,1909f56bfc062723c751e8b465ee728b)
Start importing Assets/TextMesh Pro/Resources/TMP Settings.asset using Guid(3f5b5dff67a942289a9defa416b206f3) Importer(815301076,1909f56bfc062723c751e8b465ee728b)  -> (artifact id: '1ab5db927beec09d772f0744c71b87fc') in 0.046612 seconds
  Import took 0.054715 seconds .

========================================================================
Received Import Request.
  Time since last request: 10.175093 seconds.
  path: Assets/TextMesh Pro/Fonts/FreckleFace-Regular SDF.asset
  artifactKey: Guid(d490890e72ae0ad449b2b8562dfcb3bb) Importer(815301076,1909f56bfc062723c751e8b465ee728b)
Start importing Assets/TextMesh Pro/Fonts/FreckleFace-Regular SDF.asset using Guid(d490890e72ae0ad449b2b8562dfcb3bb) Importer(815301076,1909f56bfc062723c751e8b465ee728b)  -> (artifact id: 'ee5acf2aac8c76fe15b6748b2f9508c7') in 0.036862 seconds
  Import took 0.046132 seconds .

========================================================================
Received Import Request.
  Time since last request: 40.912885 seconds.
  path: Assets/TextMesh Pro/Resources/Fonts & Materials/FreckleFace-Regular SDF.asset
  artifactKey: Guid(d490890e72ae0ad449b2b8562dfcb3bb) Importer(815301076,1909f56bfc062723c751e8b465ee728b)
Start importing Assets/TextMesh Pro/Resources/Fonts & Materials/FreckleFace-Regular SDF.asset using Guid(d490890e72ae0ad449b2b8562dfcb3bb) Importer(815301076,1909f56bfc062723c751e8b465ee728b)  -> (artifact id: '4f9df10d13bd2aa41713eec341d1288f') in 0.041312 seconds
  Import took 0.050188 seconds .

========================================================================
Received Import Request.
  Time since last request: 28.785713 seconds.
  path: Assets/Scenes/Drive-FPS Test_Profiles/Post-process Volume Profile.asset
  artifactKey: Guid(df54f11637ea43a48ba77dad1cbb30bc) Importer(815301076,1909f56bfc062723c751e8b465ee728b)
Start importing Assets/Scenes/Drive-FPS Test_Profiles/Post-process Volume Profile.asset using Guid(df54f11637ea43a48ba77dad1cbb30bc) Importer(815301076,1909f56bfc062723c751e8b465ee728b)  -> (artifact id: '353aaaa8a9c5b7fc0c9949fe46d36605') in 0.013964 seconds
  Import took 0.022720 seconds .

========================================================================
Received Import Request.
  Time since last request: 0.005742 seconds.
  path: Assets/Scenes/Drive-FPS Test_Profiles/Post-process Volume Profile.asset
  artifactKey: Guid(df54f11637ea43a48ba77dad1cbb30bc) Importer(815301076,1909f56bfc062723c751e8b465ee728b)
Start importing Assets/Scenes/Drive-FPS Test_Profiles/Post-process Volume Profile.asset using Guid(df54f11637ea43a48ba77dad1cbb30bc) Importer(815301076,1909f56bfc062723c751e8b465ee728b)  -> (artifact id: '353aaaa8a9c5b7fc0c9949fe46d36605') in 0.005128 seconds
  Import took 0.015205 seconds .

========================================================================
Received Import Request.
  Time since last request: 7.621744 seconds.
  path: Assets/Scenes/Drive-FPS Test_Profiles/Post-process Volume Profile.asset
  artifactKey: Guid(df54f11637ea43a48ba77dad1cbb30bc) Importer(815301076,1909f56bfc062723c751e8b465ee728b)
Start importing Assets/Scenes/Drive-FPS Test_Profiles/Post-process Volume Profile.asset using Guid(df54f11637ea43a48ba77dad1cbb30bc) Importer(815301076,1909f56bfc062723c751e8b465ee728b)  -> (artifact id: '255a8f2c11bcab30162a93e942e5ed4c') in 0.011216 seconds
  Import took 0.020584 seconds .

========================================================================
Received Import Request.
  Time since last request: 0.007317 seconds.
  path: Assets/Scenes/Drive-FPS Test_Profiles/Post-process Volume Profile.asset
  artifactKey: Guid(df54f11637ea43a48ba77dad1cbb30bc) Importer(815301076,1909f56bfc062723c751e8b465ee728b)
Start importing Assets/Scenes/Drive-FPS Test_Profiles/Post-process Volume Profile.asset using Guid(df54f11637ea43a48ba77dad1cbb30bc) Importer(815301076,1909f56bfc062723c751e8b465ee728b)  -> (artifact id: '255a8f2c11bcab30162a93e942e5ed4c') in 0.005665 seconds
  Import took 0.015886 seconds .

========================================================================
Received Import Request.
  Time since last request: 3.412841 seconds.
  path: Assets/Scenes/Drive-FPS Test_Profiles/Post-process Volume Profile.asset
  artifactKey: Guid(df54f11637ea43a48ba77dad1cbb30bc) Importer(815301076,1909f56bfc062723c751e8b465ee728b)
Start importing Assets/Scenes/Drive-FPS Test_Profiles/Post-process Volume Profile.asset using Guid(df54f11637ea43a48ba77dad1cbb30bc) Importer(815301076,1909f56bfc062723c751e8b465ee728b)  -> (artifact id: 'c6534d768f0dd3ca19391dffb5c14d0d') in 0.022570 seconds
  Import took 0.032596 seconds .

========================================================================
Received Import Request.
  Time since last request: 0.005458 seconds.
  path: Assets/Scenes/Drive-FPS Test_Profiles/Post-process Volume Profile.asset
  artifactKey: Guid(df54f11637ea43a48ba77dad1cbb30bc) Importer(815301076,1909f56bfc062723c751e8b465ee728b)
Start importing Assets/Scenes/Drive-FPS Test_Profiles/Post-process Volume Profile.asset using Guid(df54f11637ea43a48ba77dad1cbb30bc) Importer(815301076,1909f56bfc062723c751e8b465ee728b)  -> (artifact id: 'c6534d768f0dd3ca19391dffb5c14d0d') in 0.006795 seconds
  Import took 0.016031 seconds .

========================================================================
Received Import Request.
  Time since last request: 6.451750 seconds.
  path: Assets/Scenes/Drive-FPS Test_Profiles/Post-process Volume Profile.asset
  artifactKey: Guid(df54f11637ea43a48ba77dad1cbb30bc) Importer(815301076,1909f56bfc062723c751e8b465ee728b)
Start importing Assets/Scenes/Drive-FPS Test_Profiles/Post-process Volume Profile.asset using Guid(df54f11637ea43a48ba77dad1cbb30bc) Importer(815301076,1909f56bfc062723c751e8b465ee728b)  -> (artifact id: '70feae564ff5922e6aeff6eadfd7996f') in 0.008002 seconds
  Import took 0.017882 seconds .

========================================================================
Received Import Request.
  Time since last request: 0.007406 seconds.
  path: Assets/Scenes/Drive-FPS Test_Profiles/Post-process Volume Profile.asset
  artifactKey: Guid(df54f11637ea43a48ba77dad1cbb30bc) Importer(815301076,1909f56bfc062723c751e8b465ee728b)
Start importing Assets/Scenes/Drive-FPS Test_Profiles/Post-process Volume Profile.asset using Guid(df54f11637ea43a48ba77dad1cbb30bc) Importer(815301076,1909f56bfc062723c751e8b465ee728b)  -> (artifact id: '70feae564ff5922e6aeff6eadfd7996f') in 0.007582 seconds
  Import took 0.018071 seconds .

========================================================================
Received Import Request.
  Time since last request: 3.511900 seconds.
  path: Assets/Scenes/Drive-FPS Test_Profiles/Post-process Volume Profile.asset
  artifactKey: Guid(df54f11637ea43a48ba77dad1cbb30bc) Importer(815301076,1909f56bfc062723c751e8b465ee728b)
Start importing Assets/Scenes/Drive-FPS Test_Profiles/Post-process Volume Profile.asset using Guid(df54f11637ea43a48ba77dad1cbb30bc) Importer(815301076,1909f56bfc062723c751e8b465ee728b)  -> (artifact id: 'b276efff2e7c175543878afa6636e348') in 0.006995 seconds
  Import took 0.016951 seconds .

========================================================================
Received Import Request.
  Time since last request: 0.006270 seconds.
  path: Assets/Scenes/Drive-FPS Test_Profiles/Post-process Volume Profile.asset
  artifactKey: Guid(df54f11637ea43a48ba77dad1cbb30bc) Importer(815301076,1909f56bfc062723c751e8b465ee728b)
Start importing Assets/Scenes/Drive-FPS Test_Profiles/Post-process Volume Profile.asset using Guid(df54f11637ea43a48ba77dad1cbb30bc) Importer(815301076,1909f56bfc062723c751e8b465ee728b)  -> (artifact id: 'b276efff2e7c175543878afa6636e348') in 0.007683 seconds
  Import took 0.017929 seconds .

========================================================================
Received Prepare
Registering precompiled user dll's ...
Registered in 0.001901 seconds.
Begin MonoManager ReloadAssembly
Native extension for LinuxStandalone target not found
Native extension for WindowsStandalone target not found
Native extension for WebGL target not found
Refreshing native plugins compatible for Editor in 0.66 ms, found 0 plugins.
Preloading 0 native plugins for Editor in 0.00 ms.
Warning: Annotation not found!
UnityEngine.StackTraceUtility:ExtractStackTrace ()
UnityEditor.ProBuilder.EditorUtility:SetGizmoIconEnabled (System.Type,bool) (at Library/PackageCache/com.unity.probuilder@4.4.0/Editor/EditorCore/EditorUtility.cs:593)
UnityEditor.ProBuilder.HierarchyListener:.cctor () (at Library/PackageCache/com.unity.probuilder@4.4.0/Editor/EditorCore/HierarchyListener.cs:21)
System.Runtime.CompilerServices.RuntimeHelpers:RunClassConstructor (System.RuntimeTypeHandle)
UnityEditor.EditorAssemblies:ProcessInitializeOnLoadAttributes (System.Type[])

[Library/PackageCache/com.unity.probuilder@4.4.0/Editor/EditorCore/EditorUtility.cs line 593]

Invoked RoslynAnalysisRunner static constructor.
RoslynAnalysisRunner will not be running.
RoslynAnalysisRunner has terminated.
Mono: successfully reloaded assembly
- Completed reload, in  1.456 seconds
Platform modules already initialized, skipping
Shader 'Universal Render Pipeline/Particles/Lit': fallback shader 'Universal Render Pipeline/Particles/SimpleLit' not found
Refreshing native plugins compatible for Editor in 1.00 ms, found 0 plugins.
Preloading 0 native plugins for Editor in 0.00 ms.
Unloading 2972 Unused Serialized files (Serialized files now loaded: 0)
System memory in use before: 141.2 MB.
System memory in use after: 141.4 MB.

Unloading 9 unused Assets to reduce memory usage. Loaded Objects now: 3717.
Total: 5.850000 ms (FindLiveObjects: 1.036700 ms CreateObjectMapping: 0.299100 ms MarkObjects: 4.399200 ms  DeleteObjects: 0.113600 ms)

AssetImportWorkerClient::OnTransportError - code=2 error=End of file
